app/build/intermediates/manifest_merge_blame_file/debug/manifest-merger-blame-debug-report.txt
1<?xml version="1.0" encoding="utf-8"?>
2<manifest xmlns:android="http://schemas.android.com/apk/res/android"
3    package="com.secure.earlyinit"
4    android:versionCode="1"
5    android:versionName="1.0" >
6
7    <uses-sdk
8        android:minSdkVersion="24"
9        android:targetSdkVersion="33" />
10
11    <application
11-->src\main\AndroidManifest.xml:5:5-19:19
12        android:allowBackup="false"
12-->src\main\AndroidManifest.xml:5:18-45
13        android:debuggable="true"
14        android:extractNativeLibs="false"
15        android:label="EarlyInitApp" >
15-->src\main\AndroidManifest.xml:5:46-74
16        <provider
16-->src\main\AndroidManifest.xml:6:9-10:39
17            android:name="com.secure.earlyinit.EarlyInitProvider"
17-->src\main\AndroidManifest.xml:7:13-46
18            android:authorities="com.secure.earlyinit.provider"
18-->src\main\AndroidManifest.xml:8:13-64
19            android:exported="false"
19-->src\main\AndroidManifest.xml:9:13-37
20            android:initOrder="100" />
20-->src\main\AndroidManifest.xml:10:13-36
21
22        <activity
22-->src\main\AndroidManifest.xml:11:9-17:20
23            android:name="com.secure.earlyinit.MainActivity"
23-->src\main\AndroidManifest.xml:11:19-47
24            android:exported="true" >
24-->src\main\AndroidManifest.xml:12:13-36
25            <intent-filter>
25-->src\main\AndroidManifest.xml:13:13-16:29
26                <action android:name="android.intent.action.MAIN" />
26-->src\main\AndroidManifest.xml:14:17-69
26-->src\main\AndroidManifest.xml:14:25-66
27
28                <category android:name="android.intent.category.LAUNCHER" />
28-->src\main\AndroidManifest.xml:15:17-77
28-->src\main\AndroidManifest.xml:15:27-74
29            </intent-filter>
30        </activity>
31    </application>
32
33</manifest>